
Entrada: 
Solucao inicial = 172
Entrada 0:
4  100  56  5  34  5  82  14  45  16  59  18  71  20  71  21  60  22  58  25  82  28  32  29  32  93  34  74  36  80  37  80  39  94  39  68  42  54  43  82  45  76  51  72  63  82  68  86  70  91  Entrada 1:
100  56  4  5  34  5  82  14  45  16  59  18  71  20  71  21  60  22  58  25  82  28  32  29  32  93  34  74  36  80  37  80  39  94  39  68  42  54  43  82  45  76  51  72  63  82  68  86  70  91  Entrada 2:
100  4  5  56  34  5  82  14  45  16  59  18  71  20  71  21  60  22  58  25  82  28  32  29  32  93  34  74  36  80  37  80  39  94  39  68  42  54  43  82  45  76  51  72  63  82  68  86  70  91  Entrada 3:
100  4  56  34  5  5  82  14  45  16  59  18  71  20  71  21  60  22  58  25  82  28  32  29  32  93  34  74  36  80  37  80  39  94  39  68  42  54  43  82  45  76  51  72  63  82  68  86  70  91  Entrada 4:
100  4  56  5  5  34  82  14  45  16  59  18  71  20  71  21  60  22  58  25  82  28  32  29  32  93  34  74  36  80  37  80  39  94  39  68  42  54  43  82  45  76  51  72  63  82  68  86  70  91  Entrada 5:
100  4  56  5  34  82  5  14  45  16  59  18  71  20  71  21  60  22  58  25  82  28  32  29  32  93  34  74  36  80  37  80  39  94  39  68  42  54  43  82  45  76  51  72  63  82  68  86  70  91  Entrada 6:
100  4  56  5  34  5  14  82  45  16  59  18  71  20  71  21  60  22  58  25  82  28  32  29  32  93  34  74  36  80  37  80  39  94  39  68  42  54  43  82  45  76  51  72  63  82  68  86  70  91  Entrada 7:
100  4  56  5  34  5  82  45  14  16  59  18  71  20  71  21  60  22  58  25  82  28  32  29  32  93  34  74  36  80  37  80  39  94  39  68  42  54  43  82  45  76  51  72  63  82  68  86  70  91  Entrada 8:
100  4  56  5  34  5  82  14  16  45  59  18  71  20  71  21  60  22  58  25  82  28  32  29  32  93  34  74  36  80  37  80  39  94  39  68  42  54  43  82  45  76  51  72  63  82  68  86  70  91  Entrada 9:
100  4  56  5  34  5  82  14  45  59  16  18  71  20  71  21  60  22  58  25  82  28  32  29  32  93  34  74  36  80  37  80  39  94  39  68  42  54  43  82  45  76  51  72  63  82  68  86  70  91  Entrada 10:
100  4  56  5  34  5  82  14  45  16  18  59  71  20  71  21  60  22  58  25  82  28  32  29  32  93  34  74  36  80  37  80  39  94  39  68  42  54  43  82  45  76  51  72  63  82  68  86  70  91  Entrada 11:
100  4  56  5  34  5  82  14  45  16  18  71  59  20  71  21  60  22  58  25  82  28  32  29  32  93  34  74  36  80  37  80  39  94  39  68  42  54  43  82  45  76  51  72  63  82  68  86  70  91  Entrada 12:
100  4  56  5  34  5  82  14  45  16  18  71  20  59  71  21  60  22  58  25  82  28  32  29  32  93  34  74  36  80  37  80  39  94  39  68  42  54  43  82  45  76  51  72  63  82  68  86  70  91  Entrada 13:
100  4  56  5  34  5  82  14  45  16  18  71  59  71  20  21  60  22  58  25  82  28  32  29  32  93  34  74  36  80  37  80  39  94  39  68  42  54  43  82  45  76  51  72  63  82  68  86  70  91  Entrada 14:
100  4  56  5  34  5  82  14  45  16  18  71  59  20  21  71  60  22  58  25  82  28  32  29  32  93  34  74  36  80  37  80  39  94  39  68  42  54  43  82  45  76  51  72  63  82  68  86  70  91  Entrada 15:
100  4  56  5  34  5  82  14  45  16  18  71  59  20  21  60  71  22  58  25  82  28  32  29  32  93  34  74  36  80  37  80  39  94  39  68  42  54  43  82  45  76  51  72  63  82  68  86  70  91  Entrada 16:
100  4  56  5  34  5  82  14  45  16  18  71  59  20  21  71  22  60  58  25  82  28  32  29  32  93  34  74  36  80  37  80  39  94  39  68  42  54  43  82  45  76  51  72  63  82  68  86  70  91  Entrada 17:
100  4  56  5  34  5  82  14  45  16  18  71  59  20  21  71  60  58  22  25  82  28  32  29  32  93  34  74  36  80  37  80  39  94  39  68  42  54  43  82  45  76  51  72  63  82  68  86  70  91  Entrada 18:
100  4  56  5  34  5  82  14  45  16  18  71  59  20  21  71  60  22  25  58  82  28  32  29  32  93  34  74  36  80  37  80  39  94  39  68  42  54  43  82  45  76  51  72  63  82  68  86  70  91  Entrada 19:
100  4  56  5  34  5  82  14  45  16  18  71  59  20  21  71  60  22  58  82  25  28  32  29  32  93  34  74  36  80  37  80  39  94  39  68  42  54  43  82  45  76  51  72  63  82  68  86  70  91  Entrada 20:
100  4  56  5  34  5  82  14  45  16  18  71  59  20  21  71  60  22  58  25  28  82  32  29  32  93  34  74  36  80  37  80  39  94  39  68  42  54  43  82  45  76  51  72  63  82  68  86  70  91  Entrada 21:
100  4  56  5  34  5  82  14  45  16  18  71  59  20  21  71  60  22  58  25  82  32  28  29  32  93  34  74  36  80  37  80  39  94  39  68  42  54  43  82  45  76  51  72  63  82  68  86  70  91  Entrada 22:
100  4  56  5  34  5  82  14  45  16  18  71  59  20  21  71  60  22  58  25  82  28  29  32  32  93  34  74  36  80  37  80  39  94  39  68  42  54  43  82  45  76  51  72  63  82  68  86  70  91  Entrada 23:
100  4  56  5  34  5  82  14  45  16  18  71  59  20  21  71  60  22  58  25  82  28  32  32  29  93  34  74  36  80  37  80  39  94  39  68  42  54  43  82  45  76  51  72  63  82  68  86  70  91  Entrada 24:
100  4  56  5  34  5  82  14  45  16  18  71  59  20  21  71  60  22  58  25  82  28  32  32  93  29  34  74  36  80  37  80  39  94  39  68  42  54  43  82  45  76  51  72  63  82  68  86  70  91  Entrada 25:
100  4  56  5  34  5  82  14  45  16  18  71  59  20  21  71  60  22  58  25  82  28  32  32  29  34  93  74  36  80  37  80  39  94  39  68  42  54  43  82  45  76  51  72  63  82  68  86  70  91  Entrada 26:
100  4  56  5  34  5  82  14  45  16  18  71  59  20  21  71  60  22  58  25  82  28  32  32  29  93  74  34  36  80  37  80  39  94  39  68  42  54  43  82  45  76  51  72  63  82  68  86  70  91  Entrada 27:
100  4  56  5  34  5  82  14  45  16  18  71  59  20  21  71  60  22  58  25  82  28  32  32  29  93  34  36  74  80  37  80  39  94  39  68  42  54  43  82  45  76  51  72  63  82  68  86  70  91  Entrada 28:
100  4  56  5  34  5  82  14  45  16  18  71  59  20  21  71  60  22  58  25  82  28  32  32  29  93  34  74  80  36  37  80  39  94  39  68  42  54  43  82  45  76  51  72  63  82  68  86  70  91  Entrada 29:
100  4  56  5  34  5  82  14  45  16  18  71  59  20  21  71  60  22  58  25  82  28  32  32  29  93  34  74  36  37  80  80  39  94  39  68  42  54  43  82  45  76  51  72  63  82  68  86  70  91  Entrada 30:
100  4  56  5  34  5  82  14  45  16  18  71  59  20  21  71  60  22  58  25  82  28  32  32  29  93  34  74  36  80  80  37  39  94  39  68  42  54  43  82  45  76  51  72  63  82  68  86  70  91  Entrada 31:
100  4  56  5  34  5  82  14  45  16  18  71  59  20  21  71  60  22  58  25  82  28  32  32  29  93  34  74  36  80  37  39  80  94  39  68  42  54  43  82  45  76  51  72  63  82  68  86  70  91  Entrada 32:
100  4  56  5  34  5  82  14  45  16  18  71  59  20  21  71  60  22  58  25  82  28  32  32  29  93  34  74  36  80  37  80  94  39  39  68  42  54  43  82  45  76  51  72  63  82  68  86  70  91  Entrada 33:
100  4  56  5  34  5  82  14  45  16  18  71  59  20  21  71  60  22  58  25  82  28  32  32  29  93  34  74  36  80  37  80  39  39  94  68  42  54  43  82  45  76  51  72  63  82  68  86  70  91  Entrada 34:
100  4  56  5  34  5  82  14  45  16  18  71  59  20  21  71  60  22  58  25  82  28  32  32  29  93  34  74  36  80  37  80  39  94  68  39  42  54  43  82  45  76  51  72  63  82  68  86  70  91  Entrada 35:
100  4  56  5  34  5  82  14  45  16  18  71  59  20  21  71  60  22  58  25  82  28  32  32  29  93  34  74  36  80  37  80  39  94  39  42  68  54  43  82  45  76  51  72  63  82  68  86  70  91  Entrada 36:
100  4  56  5  34  5  82  14  45  16  18  71  59  20  21  71  60  22  58  25  82  28  32  32  29  93  34  74  36  80  37  80  39  94  39  68  54  42  43  82  45  76  51  72  63  82  68  86  70  91  Entrada 37:
100  4  56  5  34  5  82  14  45  16  18  71  59  20  21  71  60  22  58  25  82  28  32  32  29  93  34  74  36  80  37  80  39  94  39  68  42  43  54  82  45  76  51  72  63  82  68  86  70  91  Entrada 38:
100  4  56  5  34  5  82  14  45  16  18  71  59  20  21  71  60  22  58  25  82  28  32  32  29  93  34  74  36  80  37  80  39  94  39  68  42  54  82  43  45  76  51  72  63  82  68  86  70  91  Entrada 39:
100  4  56  5  34  5  82  14  45  16  18  71  59  20  21  71  60  22  58  25  82  28  32  32  29  93  34  74  36  80  37  80  39  94  39  68  42  54  43  45  82  76  51  72  63  82  68  86  70  91  Entrada 40:
100  4  56  5  34  5  82  14  45  16  18  71  59  20  21  71  60  22  58  25  82  28  32  32  29  93  34  74  36  80  37  80  39  94  39  68  42  54  43  82  76  45  51  72  63  82  68  86  70  91  Entrada 41:
100  4  56  5  34  5  82  14  45  16  18  71  59  20  21  71  60  22  58  25  82  28  32  32  29  93  34  74  36  80  37  80  39  94  39  68  42  54  43  82  45  51  76  72  63  82  68  86  70  91  Entrada 42:
100  4  56  5  34  5  82  14  45  16  18  71  59  20  21  71  60  22  58  25  82  28  32  32  29  93  34  74  36  80  37  80  39  94  39  68  42  54  43  82  45  76  72  51  63  82  68  86  70  91  Entrada 43:
100  4  56  5  34  5  82  14  45  16  18  71  59  20  21  71  60  22  58  25  82  28  32  32  29  93  34  74  36  80  37  80  39  94  39  68  42  54  43  82  45  76  51  63  72  82  68  86  70  91  Entrada 44:
100  4  56  5  34  5  82  14  45  16  18  71  59  20  21  71  60  22  58  25  82  28  32  32  29  93  34  74  36  80  37  80  39  94  39  68  42  54  43  82  45  76  51  72  82  63  68  86  70  91  Entrada 45:
100  4  56  5  34  5  82  14  45  16  18  71  59  20  21  71  60  22  58  25  82  28  32  32  29  93  34  74  36  80  37  80  39  94  39  68  42  54  43  82  45  76  51  72  63  68  82  86  70  91  Entrada 46:
100  4  56  5  34  5  82  14  45  16  18  71  59  20  21  71  60  22  58  25  82  28  32  32  29  93  34  74  36  80  37  80  39  94  39  68  42  54  43  82  45  76  51  72  63  82  86  68  70  91  Entrada 47:
100  4  56  5  34  5  82  14  45  16  18  71  59  20  21  71  60  22  58  25  82  28  32  32  29  93  34  74  36  80  37  80  39  94  39  68  42  54  43  82  45  76  51  72  63  82  68  70  86  91  Entrada 48:
100  4  56  5  34  5  82  14  45  16  18  71  59  20  21  71  60  22  58  25  82  28  32  32  29  93  34  74  36  80  37  80  39  94  39  68  42  54  43  82  45  76  51  72  63  82  68  86  91  70  Entrada 0:
4  100  56  5  34  5  82  14  45  16  18  71  59  20  21  71  60  22  58  25  82  28  32  32  29  93  34  74  36  80  37  80  39  94  39  68  42  54  43  82  45  76  51  72  63  82  68  86  70  91  Entrada 1:
100  56  4  5  34  5  82  14  45  16  18  71  59  20  21  71  60  22  58  25  82  28  32  32  29  93  34  74  36  80  37  80  39  94  39  68  42  54  43  82  45  76  51  72  63  82  68  86  70  91  Entrada 2:
100  4  5  56  34  5  82  14  45  16  18  71  59  20  21  71  60  22  58  25  82  28  32  32  29  93  34  74  36  80  37  80  39  94  39  68  42  54  43  82  45  76  51  72  63  82  68  86  70  91  Entrada 3:
100  4  56  34  5  5  82  14  45  16  18  71  59  20  21  71  60  22  58  25  82  28  32  32  29  93  34  74  36  80  37  80  39  94  39  68  42  54  43  82  45  76  51  72  63  82  68  86  70  91  Entrada 4:
100  4  56  5  5  34  82  14  45  16  18  71  59  20  21  71  60  22  58  25  82  28  32  32  29  93  34  74  36  80  37  80  39  94  39  68  42  54  43  82  45  76  51  72  63  82  68  86  70  91  Entrada 5:
100  4  56  5  34  82  5  14  45  16  18  71  59  20  21  71  60  22  58  25  82  28  32  32  29  93  34  74  36  80  37  80  39  94  39  68  42  54  43  82  45  76  51  72  63  82  68  86  70  91  Entrada 6:
100  4  56  5  34  5  14  82  45  16  18  71  59  20  21  71  60  22  58  25  82  28  32  32  29  93  34  74  36  80  37  80  39  94  39  68  42  54  43  82  45  76  51  72  63  82  68  86  70  91  Entrada 7:
100  4  56  5  34  5  82  45  14  16  18  71  59  20  21  71  60  22  58  25  82  28  32  32  29  93  34  74  36  80  37  80  39  94  39  68  42  54  43  82  45  76  51  72  63  82  68  86  70  91  Entrada 8:
100  4  56  5  34  5  82  14  16  45  18  71  59  20  21  71  60  22  58  25  82  28  32  32  29  93  34  74  36  80  37  80  39  94  39  68  42  54  43  82  45  76  51  72  63  82  68  86  70  91  Entrada 9:
100  4  56  5  34  5  82  14  45  18  16  71  59  20  21  71  60  22  58  25  82  28  32  32  29  93  34  74  36  80  37  80  39  94  39  68  42  54  43  82  45  76  51  72  63  82  68  86  70  91  Entrada 10:
100  4  56  5  34  5  82  14  45  18  71  16  59  20  21  71  60  22  58  25  82  28  32  32  29  93  34  74  36  80  37  80  39  94  39  68  42  54  43  82  45  76  51  72  63  82  68  86  70  91  Entrada 11:
100  4  56  5  34  5  82  14  45  18  16  59  71  20  21  71  60  22  58  25  82  28  32  32  29  93  34  74  36  80  37  80  39  94  39  68  42  54  43  82  45  76  51  72  63  82  68  86  70  91  Entrada 12:
100  4  56  5  34  5  82  14  45  18  16  71  20  59  21  71  60  22  58  25  82  28  32  32  29  93  34  74  36  80  37  80  39  94  39  68  42  54  43  82  45  76  51  72  63  82  68  86  70  91  Entrada 13:
100  4  56  5  34  5  82  14  45  18  16  71  59  21  20  71  60  22  58  25  82  28  32  32  29  93  34  74  36  80  37  80  39  94  39  68  42  54  43  82  45  76  51  72  63  82  68  86  70  91  Entrada 14:
100  4  56  5  34  5  82  14  45  18  16  71  59  21  71  20  60  22  58  25  82  28  32  32  29  93  34  74  36  80  37  80  39  94  39  68  42  54  43  82  45  76  51  72  63  82  68  86  70  91  Entrada 15:
100  4  56  5  34  5  82  14  45  18  16  71  59  21  20  60  71  22  58  25  82  28  32  32  29  93  34  74  36  80  37  80  39  94  39  68  42  54  43  82  45  76  51  72  63  82  68  86  70  91  Entrada 16:
100  4  56  5  34  5  82  14  45  18  16  71  59  21  20  71  22  60  58  25  82  28  32  32  29  93  34  74  36  80  37  80  39  94  39  68  42  54  43  82  45  76  51  72  63  82  68  86  70  91  Entrada 17:
100  4  56  5  34  5  82  14  45  18  16  71  59  21  20  71  60  58  22  25  82  28  32  32  29  93  34  74  36  80  37  80  39  94  39  68  42  54  43  82  45  76  51  72  63  82  68  86  70  91  Entrada 18:
100  4  56  5  34  5  82  14  45  18  16  71  59  21  20  71  60  22  25  58  82  28  32  32  29  93  34  74  36  80  37  80  39  94  39  68  42  54  43  82  45  76  51  72  63  82  68  86  70  91  Entrada 19:
100  4  56  5  34  5  82  14  45  18  16  71  59  21  20  71  60  22  58  82  25  28  32  32  29  93  34  74  36  80  37  80  39  94  39  68  42  54  43  82  45  76  51  72  63  82  68  86  70  91  Entrada 20:
100  4  56  5  34  5  82  14  45  18  16  71  59  21  20  71  60  22  58  25  28  82  32  32  29  93  34  74  36  80  37  80  39  94  39  68  42  54  43  82  45  76  51  72  63  82  68  86  70  91  Entrada 21:
100  4  56  5  34  5  82  14  45  18  16  71  59  21  20  71  60  22  58  25  82  32  28  32  29  93  34  74  36  80  37  80  39  94  39  68  42  54  43  82  45  76  51  72  63  82  68  86  70  91  Entrada 22:
100  4  56  5  34  5  82  14  45  18  16  71  59  21  20  71  60  22  58  25  82  32  32  28  29  93  34  74  36  80  37  80  39  94  39  68  42  54  43  82  45  76  51  72  63  82  68  86  70  91  Entrada 23:
100  4  56  5  34  5  82  14  45  18  16  71  59  21  20  71  60  22  58  25  82  32  28  29  32  93  34  74  36  80  37  80  39  94  39  68  42  54  43  82  45  76  51  72  63  82  68  86  70  91  Entrada 24:
100  4  56  5  34  5  82  14  45  18  16  71  59  21  20  71  60  22  58  25  82  32  28  32  93  29  34  74  36  80  37  80  39  94  39  68  42  54  43  82  45  76  51  72  63  82  68  86  70  91  Entrada 25:
100  4  56  5  34  5  82  14  45  18  16  71  59  21  20  71  60  22  58  25  82  32  28  32  29  34  93  74  36  80  37  80  39  94  39  68  42  54  43  82  45  76  51  72  63  82  68  86  70  91  Entrada 26:
100  4  56  5  34  5  82  14  45  18  16  71  59  21  20  71  60  22  58  25  82  32  28  32  29  93  74  34  36  80  37  80  39  94  39  68  42  54  43  82  45  76  51  72  63  82  68  86  70  91  Entrada 27:
100  4  56  5  34  5  82  14  45  18  16  71  59  21  20  71  60  22  58  25  82  32  28  32  29  93  34  36  74  80  37  80  39  94  39  68  42  54  43  82  45  76  51  72  63  82  68  86  70  91  Entrada 28:
100  4  56  5  34  5  82  14  45  18  16  71  59  21  20  71  60  22  58  25  82  32  28  32  29  93  34  74  80  36  37  80  39  94  39  68  42  54  43  82  45  76  51  72  63  82  68  86  70  91  Entrada 29:
100  4  56  5  34  5  82  14  45  18  16  71  59  21  20  71  60  22  58  25  82  32  28  32  29  93  34  74  36  37  80  80  39  94  39  68  42  54  43  82  45  76  51  72  63  82  68  86  70  91  Entrada 30:
100  4  56  5  34  5  82  14  45  18  16  71  59  21  20  71  60  22  58  25  82  32  28  32  29  93  34  74  36  80  80  37  39  94  39  68  42  54  43  82  45  76  51  72  63  82  68  86  70  91  Entrada 31:
100  4  56  5  34  5  82  14  45  18  16  71  59  21  20  71  60  22  58  25  82  32  28  32  29  93  34  74  36  80  37  39  80  94  39  68  42  54  43  82  45  76  51  72  63  82  68  86  70  91  Entrada 32:
100  4  56  5  34  5  82  14  45  18  16  71  59  21  20  71  60  22  58  25  82  32  28  32  29  93  34  74  36  80  37  80  94  39  39  68  42  54  43  82  45  76  51  72  63  82  68  86  70  91  Entrada 33:
100  4  56  5  34  5  82  14  45  18  16  71  59  21  20  71  60  22  58  25  82  32  28  32  29  93  34  74  36  80  37  80  39  39  94  68  42  54  43  82  45  76  51  72  63  82  68  86  70  91  Entrada 34:
100  4  56  5  34  5  82  14  45  18  16  71  59  21  20  71  60  22  58  25  82  32  28  32  29  93  34  74  36  80  37  80  39  94  68  39  42  54  43  82  45  76  51  72  63  82  68  86  70  91  Entrada 35:
100  4  56  5  34  5  82  14  45  18  16  71  59  21  20  71  60  22  58  25  82  32  28  32  29  93  34  74  36  80  37  80  39  94  39  42  68  54  43  82  45  76  51  72  63  82  68  86  70  91  Entrada 36:
100  4  56  5  34  5  82  14  45  18  16  71  59  21  20  71  60  22  58  25  82  32  28  32  29  93  34  74  36  80  37  80  39  94  39  68  54  42  43  82  45  76  51  72  63  82  68  86  70  91  Entrada 37:
100  4  56  5  34  5  82  14  45  18  16  71  59  21  20  71  60  22  58  25  82  32  28  32  29  93  34  74  36  80  37  80  39  94  39  68  42  43  54  82  45  76  51  72  63  82  68  86  70  91  Entrada 38:
100  4  56  5  34  5  82  14  45  18  16  71  59  21  20  71  60  22  58  25  82  32  28  32  29  93  34  74  36  80  37  80  39  94  39  68  42  54  82  43  45  76  51  72  63  82  68  86  70  91  Entrada 39:
100  4  56  5  34  5  82  14  45  18  16  71  59  21  20  71  60  22  58  25  82  32  28  32  29  93  34  74  36  80  37  80  39  94  39  68  42  54  43  45  82  76  51  72  63  82  68  86  70  91  Entrada 40:
100  4  56  5  34  5  82  14  45  18  16  71  59  21  20  71  60  22  58  25  82  32  28  32  29  93  34  74  36  80  37  80  39  94  39  68  42  54  43  82  76  45  51  72  63  82  68  86  70  91  Entrada 41:
100  4  56  5  34  5  82  14  45  18  16  71  59  21  20  71  60  22  58  25  82  32  28  32  29  93  34  74  36  80  37  80  39  94  39  68  42  54  43  82  45  51  76  72  63  82  68  86  70  91  Entrada 42:
100  4  56  5  34  5  82  14  45  18  16  71  59  21  20  71  60  22  58  25  82  32  28  32  29  93  34  74  36  80  37  80  39  94  39  68  42  54  43  82  45  76  72  51  63  82  68  86  70  91  Entrada 43:
100  4  56  5  34  5  82  14  45  18  16  71  59  21  20  71  60  22  58  25  82  32  28  32  29  93  34  74  36  80  37  80  39  94  39  68  42  54  43  82  45  76  51  63  72  82  68  86  70  91  Entrada 44:
100  4  56  5  34  5  82  14  45  18  16  71  59  21  20  71  60  22  58  25  82  32  28  32  29  93  34  74  36  80  37  80  39  94  39  68  42  54  43  82  45  76  51  72  82  63  68  86  70  91  Entrada 45:
100  4  56  5  34  5  82  14  45  18  16  71  59  21  20  71  60  22  58  25  82  32  28  32  29  93  34  74  36  80  37  80  39  94  39  68  42  54  43  82  45  76  51  72  63  68  82  86  70  91  Entrada 46:
100  4  56  5  34  5  82  14  45  18  16  71  59  21  20  71  60  22  58  25  82  32  28  32  29  93  34  74  36  80  37  80  39  94  39  68  42  54  43  82  45  76  51  72  63  82  86  68  70  91  Entrada 47:
100  4  56  5  34  5  82  14  45  18  16  71  59  21  20  71  60  22  58  25  82  32  28  32  29  93  34  74  36  80  37  80  39  94  39  68  42  54  43  82  45  76  51  72  63  82  68  70  86  91  Entrada 48:
100  4  56  5  34  5  82  14  45  18  16  71  59  21  20  71  60  22  58  25  82  32  28  32  29  93  34  74  36  80  37  80  39  94  39  68  42  54  43  82  45  76  51  72  63  82  68  86  91  70  
Melhor solucao = 140

Tempo de execução (ms): 117
